app/build/intermediates/manifest_merge_blame_file/release/manifest-merger-blame-release-report.txt
1<?xml version="1.0" encoding="utf-8"?>
2<manifest xmlns:android="http://schemas.android.com/apk/res/android"
3    package="com.tiddlywikibrowser"
4    android:versionCode="3"
5    android:versionName="1.0" >
6
7    <uses-sdk
8        android:minSdkVersion="24"
9        android:targetSdkVersion="34" />
10
11    <uses-permission android:name="android.permission.INTERNET" />
11-->src\main\AndroidManifest.xml:3:5-67
11-->src\main\AndroidManifest.xml:3:22-64
12    <uses-permission android:name="android.permission.ACCESS_NETWORK_STATE" />
12-->src\main\AndroidManifest.xml:4:5-79
12-->src\main\AndroidManifest.xml:4:22-76
13    <uses-permission
13-->src\main\AndroidManifest.xml:5:5-6:37
14        android:name="android.permission.WRITE_EXTERNAL_STORAGE"
14-->src\main\AndroidManifest.xml:5:22-78
15        android:maxSdkVersion="28" />
15-->src\main\AndroidManifest.xml:6:9-35
16    <uses-permission
16-->src\main\AndroidManifest.xml:7:5-8:37
17        android:name="android.permission.READ_EXTERNAL_STORAGE"
17-->src\main\AndroidManifest.xml:7:22-77
18        android:maxSdkVersion="32" />
18-->src\main\AndroidManifest.xml:8:9-35
19    <uses-permission android:name="android.permission.WAKE_LOCK" />
19-->src\main\AndroidManifest.xml:9:5-68
19-->src\main\AndroidManifest.xml:9:22-65
20    <uses-permission android:name="android.permission.FOREGROUND_SERVICE" />
20-->src\main\AndroidManifest.xml:10:5-77
20-->src\main\AndroidManifest.xml:10:22-74
21    <uses-permission android:name="android.permission.FOREGROUND_SERVICE_MEDIA_PLAYBACK" />
21-->src\main\AndroidManifest.xml:11:5-92
21-->src\main\AndroidManifest.xml:11:22-89
22    <uses-permission android:name="android.permission.FOREGROUND_SERVICE_DATA_SYNC" />
22-->src\main\AndroidManifest.xml:12:5-87
22-->src\main\AndroidManifest.xml:12:22-84
23
24    <!-- Updated supports-screens to ensure compatibility with very small screens (flip phones) -->
25    <supports-screens
25-->src\main\AndroidManifest.xml:15:5-22:49
26        android:anyDensity="true"
26-->src\main\AndroidManifest.xml:20:9-34
27        android:largeScreens="true"
27-->src\main\AndroidManifest.xml:18:9-36
28        android:normalScreens="true"
28-->src\main\AndroidManifest.xml:17:9-37
29        android:requiresSmallestWidthDp="180"
29-->src\main\AndroidManifest.xml:22:9-46
30        android:resizeable="true"
30-->src\main\AndroidManifest.xml:21:9-34
31        android:smallScreens="true"
31-->src\main\AndroidManifest.xml:16:9-36
32        android:xlargeScreens="true" />
32-->src\main\AndroidManifest.xml:19:9-37
33
34    <permission
34-->[androidx.core:core:1.12.0] AndroidManifest.xml:22:5-24:47
35        android:name="com.tiddlywikibrowser.DYNAMIC_RECEIVER_NOT_EXPORTED_PERMISSION"
35-->[androidx.core:core:1.12.0] AndroidManifest.xml:23:9-81
36        android:protectionLevel="signature" />
36-->[androidx.core:core:1.12.0] AndroidManifest.xml:24:9-44
37
38    <uses-permission android:name="com.tiddlywikibrowser.DYNAMIC_RECEIVER_NOT_EXPORTED_PERMISSION" />
38-->[androidx.core:core:1.12.0] AndroidManifest.xml:26:5-97
38-->[androidx.core:core:1.12.0] AndroidManifest.xml:26:22-94
39
40    <application
40-->src\main\AndroidManifest.xml:24:5-115:19
41        android:allowBackup="true"
41-->src\main\AndroidManifest.xml:25:9-35
42        android:appComponentFactory="androidx.core.app.CoreComponentFactory"
42-->[androidx.core:core:1.12.0] AndroidManifest.xml:28:18-86
43        android:extractNativeLibs="false"
44        android:hardwareAccelerated="true"
44-->src\main\AndroidManifest.xml:33:9-43
45        android:icon="@mipmap/ic_launcher"
45-->src\main\AndroidManifest.xml:26:9-43
46        android:label="@string/app_name"
46-->src\main\AndroidManifest.xml:27:9-41
47        android:largeHeap="true"
47-->src\main\AndroidManifest.xml:34:9-33
48        android:persistent="true"
48-->src\main\AndroidManifest.xml:35:9-34
49        android:requestLegacyExternalStorage="true"
49-->src\main\AndroidManifest.xml:31:9-52
50        android:roundIcon="@mipmap/ic_launcher_round"
50-->src\main\AndroidManifest.xml:28:9-54
51        android:supportsRtl="true"
51-->src\main\AndroidManifest.xml:29:9-35
52        android:theme="@style/Theme.TiddlyWikiBrowser"
52-->src\main\AndroidManifest.xml:32:9-55
53        android:usesCleartextTraffic="true" >
53-->src\main\AndroidManifest.xml:30:9-44
54        <activity
54-->src\main\AndroidManifest.xml:37:9-67:20
55            android:name="com.tiddlywikibrowser.MainActivity"
55-->src\main\AndroidManifest.xml:38:13-41
56            android:configChanges="orientation|screenSize|screenLayout|keyboardHidden"
56-->src\main\AndroidManifest.xml:40:13-87
57            android:documentLaunchMode="intoExisting"
57-->src\main\AndroidManifest.xml:46:13-54
58            android:exported="true"
58-->src\main\AndroidManifest.xml:39:13-36
59            android:hardwareAccelerated="true"
59-->src\main\AndroidManifest.xml:43:13-47
60            android:keepScreenOn="true"
60-->src\main\AndroidManifest.xml:44:13-40
61            android:launchMode="singleTask"
61-->src\main\AndroidManifest.xml:41:13-44
62            android:theme="@style/Theme.TiddlyWikiBrowser"
62-->src\main\AndroidManifest.xml:42:13-59
63            android:windowSoftInputMode="adjustPan" >
63-->src\main\AndroidManifest.xml:45:13-52
64            <intent-filter>
64-->src\main\AndroidManifest.xml:47:13-50:29
65                <action android:name="android.intent.action.MAIN" />
65-->src\main\AndroidManifest.xml:48:17-69
65-->src\main\AndroidManifest.xml:48:25-66
66
67                <category android:name="android.intent.category.LAUNCHER" />
67-->src\main\AndroidManifest.xml:49:17-77
67-->src\main\AndroidManifest.xml:49:27-74
68            </intent-filter>
69            <intent-filter>
69-->src\main\AndroidManifest.xml:51:13-55:29
70                <action android:name="android.intent.action.VIEW" />
70-->src\main\AndroidManifest.xml:52:17-69
70-->src\main\AndroidManifest.xml:52:25-66
71
72                <category android:name="android.intent.category.DEFAULT" />
72-->src\main\AndroidManifest.xml:53:17-76
72-->src\main\AndroidManifest.xml:53:27-73
73                <category android:name="android.intent.category.BROWSABLE" />
73-->src\main\AndroidManifest.xml:54:17-78
73-->src\main\AndroidManifest.xml:54:27-75
74            </intent-filter>
75            <!-- Intent filter for receiving shared content -->
76            <intent-filter>
76-->src\main\AndroidManifest.xml:57:13-61:29
77                <action android:name="android.intent.action.SEND" />
77-->src\main\AndroidManifest.xml:58:17-69
77-->src\main\AndroidManifest.xml:58:25-66
78
79                <category android:name="android.intent.category.DEFAULT" />
79-->src\main\AndroidManifest.xml:53:17-76
79-->src\main\AndroidManifest.xml:53:27-73
80
81                <data android:mimeType="text/plain" />
81-->src\main\AndroidManifest.xml:60:17-55
81-->src\main\AndroidManifest.xml:60:23-52
82            </intent-filter>
83            <intent-filter>
83-->src\main\AndroidManifest.xml:62:13-66:29
84                <action android:name="android.intent.action.SEND_MULTIPLE" />
84-->src\main\AndroidManifest.xml:63:17-78
84-->src\main\AndroidManifest.xml:63:25-75
85
86                <category android:name="android.intent.category.DEFAULT" />
86-->src\main\AndroidManifest.xml:53:17-76
86-->src\main\AndroidManifest.xml:53:27-73
87
88                <data android:mimeType="text/plain" />
88-->src\main\AndroidManifest.xml:60:17-55
88-->src\main\AndroidManifest.xml:60:23-52
89            </intent-filter>
90        </activity>
91
92        <!-- Receiver for media button events -->
93        <receiver
93-->src\main\AndroidManifest.xml:70:9-75:20
94            android:name="androidx.media.session.MediaButtonReceiver"
94-->src\main\AndroidManifest.xml:70:19-76
95            android:exported="true" >
95-->src\main\AndroidManifest.xml:71:13-36
96            <intent-filter>
96-->src\main\AndroidManifest.xml:72:13-74:29
97                <action android:name="android.intent.action.MEDIA_BUTTON" />
97-->src\main\AndroidManifest.xml:73:17-77
97-->src\main\AndroidManifest.xml:73:25-74
98            </intent-filter>
99        </receiver>
100
101        <activity
101-->src\main\AndroidManifest.xml:77:9-82:50
102            android:name="com.tiddlywikibrowser.SettingsActivity"
102-->src\main\AndroidManifest.xml:78:13-45
103            android:hardwareAccelerated="true"
103-->src\main\AndroidManifest.xml:82:13-47
104            android:label="@string/settings"
104-->src\main\AndroidManifest.xml:79:13-45
105            android:theme="@style/Theme.TiddlyWikiBrowser"
105-->src\main\AndroidManifest.xml:80:13-59
106            android:windowSoftInputMode="adjustResize" />
106-->src\main\AndroidManifest.xml:81:13-55
107
108        <service
108-->src\main\AndroidManifest.xml:84:9-90:19
109            android:name="com.tiddlywikibrowser.MediaPlaybackService"
109-->src\main\AndroidManifest.xml:84:18-54
110            android:exported="false"
110-->src\main\AndroidManifest.xml:85:13-37
111            android:foregroundServiceType="mediaPlayback" >
111-->src\main\AndroidManifest.xml:86:13-58
112            <intent-filter>
112-->src\main\AndroidManifest.xml:87:13-89:29
113                <action android:name="android.media.browse.MediaBrowserService" />
113-->src\main\AndroidManifest.xml:88:17-83
113-->src\main\AndroidManifest.xml:88:25-80
114            </intent-filter>
115        </service>
116
117        <!-- Background WebView service to keep WebViews running when app is in background -->
118        <service
118-->src\main\AndroidManifest.xml:93:9-103:19
119            android:name="com.tiddlywikibrowser.BackgroundWebViewService"
119-->src\main\AndroidManifest.xml:94:13-53
120            android:enabled="true"
120-->src\main\AndroidManifest.xml:95:13-35
121            android:exported="false"
121-->src\main\AndroidManifest.xml:96:13-37
122            android:foregroundServiceType="dataSync" >
122-->src\main\AndroidManifest.xml:97:13-53
123            <intent-filter>
123-->src\main\AndroidManifest.xml:98:13-102:29
124                <action android:name="com.tiddlywikibrowser.ACTION_REGISTER_WEBVIEW" />
124-->src\main\AndroidManifest.xml:99:17-88
124-->src\main\AndroidManifest.xml:99:25-85
125                <action android:name="com.tiddlywikibrowser.ACTION_UNREGISTER_WEBVIEW" />
125-->src\main\AndroidManifest.xml:100:17-90
125-->src\main\AndroidManifest.xml:100:25-87
126                <action android:name="com.tiddlywikibrowser.ACTION_STOP_SERVICE" />
126-->src\main\AndroidManifest.xml:101:17-84
126-->src\main\AndroidManifest.xml:101:25-81
127            </intent-filter>
128        </service>
129
130        <!-- FileProvider for sharing and accessing downloaded files -->
131        <provider
132            android:name="androidx.core.content.FileProvider"
132-->src\main\AndroidManifest.xml:107:13-62
133            android:authorities="com.tiddlywikibrowser.fileprovider"
133-->src\main\AndroidManifest.xml:108:13-64
134            android:exported="false"
134-->src\main\AndroidManifest.xml:109:13-37
135            android:grantUriPermissions="true" >
135-->src\main\AndroidManifest.xml:110:13-47
136            <meta-data
136-->src\main\AndroidManifest.xml:111:13-113:54
137                android:name="android.support.FILE_PROVIDER_PATHS"
137-->src\main\AndroidManifest.xml:112:17-67
138                android:resource="@xml/file_paths" />
138-->src\main\AndroidManifest.xml:113:17-51
139        </provider>
140        <provider
140-->[androidx.emoji2:emoji2:1.4.0] AndroidManifest.xml:24:9-32:20
141            android:name="androidx.startup.InitializationProvider"
141-->[androidx.emoji2:emoji2:1.4.0] AndroidManifest.xml:25:13-67
142            android:authorities="com.tiddlywikibrowser.androidx-startup"
142-->[androidx.emoji2:emoji2:1.4.0] AndroidManifest.xml:26:13-68
143            android:exported="false" >
143-->[androidx.emoji2:emoji2:1.4.0] AndroidManifest.xml:27:13-37
144            <meta-data
144-->[androidx.emoji2:emoji2:1.4.0] AndroidManifest.xml:29:13-31:52
145                android:name="androidx.emoji2.text.EmojiCompatInitializer"
145-->[androidx.emoji2:emoji2:1.4.0] AndroidManifest.xml:30:17-75
146                android:value="androidx.startup" />
146-->[androidx.emoji2:emoji2:1.4.0] AndroidManifest.xml:31:17-49
147            <meta-data
147-->[androidx.lifecycle:lifecycle-process:2.6.2] AndroidManifest.xml:29:13-31:52
148                android:name="androidx.lifecycle.ProcessLifecycleInitializer"
148-->[androidx.lifecycle:lifecycle-process:2.6.2] AndroidManifest.xml:30:17-78
149                android:value="androidx.startup" />
149-->[androidx.lifecycle:lifecycle-process:2.6.2] AndroidManifest.xml:31:17-49
150            <meta-data
150-->[androidx.profileinstaller:profileinstaller:1.3.1] AndroidManifest.xml:29:13-31:52
151                android:name="androidx.profileinstaller.ProfileInstallerInitializer"
151-->[androidx.profileinstaller:profileinstaller:1.3.1] AndroidManifest.xml:30:17-85
152                android:value="androidx.startup" />
152-->[androidx.profileinstaller:profileinstaller:1.3.1] AndroidManifest.xml:31:17-49
153        </provider>
154
155        <receiver
155-->[androidx.profileinstaller:profileinstaller:1.3.1] AndroidManifest.xml:34:9-52:20
156            android:name="androidx.profileinstaller.ProfileInstallReceiver"
156-->[androidx.profileinstaller:profileinstaller:1.3.1] AndroidManifest.xml:35:13-76
157            android:directBootAware="false"
157-->[androidx.profileinstaller:profileinstaller:1.3.1] AndroidManifest.xml:36:13-44
158            android:enabled="true"
158-->[androidx.profileinstaller:profileinstaller:1.3.1] AndroidManifest.xml:37:13-35
159            android:exported="true"
159-->[androidx.profileinstaller:profileinstaller:1.3.1] AndroidManifest.xml:38:13-36
160            android:permission="android.permission.DUMP" >
160-->[androidx.profileinstaller:profileinstaller:1.3.1] AndroidManifest.xml:39:13-57
161            <intent-filter>
161-->[androidx.profileinstaller:profileinstaller:1.3.1] AndroidManifest.xml:40:13-42:29
162                <action android:name="androidx.profileinstaller.action.INSTALL_PROFILE" />
162-->[androidx.profileinstaller:profileinstaller:1.3.1] AndroidManifest.xml:41:17-91
162-->[androidx.profileinstaller:profileinstaller:1.3.1] AndroidManifest.xml:41:25-88
163            </intent-filter>
164            <intent-filter>
164-->[androidx.profileinstaller:profileinstaller:1.3.1] AndroidManifest.xml:43:13-45:29
165                <action android:name="androidx.profileinstaller.action.SKIP_FILE" />
165-->[androidx.profileinstaller:profileinstaller:1.3.1] AndroidManifest.xml:44:17-85
165-->[androidx.profileinstaller:profileinstaller:1.3.1] AndroidManifest.xml:44:25-82
166            </intent-filter>
167            <intent-filter>
167-->[androidx.profileinstaller:profileinstaller:1.3.1] AndroidManifest.xml:46:13-48:29
168                <action android:name="androidx.profileinstaller.action.SAVE_PROFILE" />
168-->[androidx.profileinstaller:profileinstaller:1.3.1] AndroidManifest.xml:47:17-88
168-->[androidx.profileinstaller:profileinstaller:1.3.1] AndroidManifest.xml:47:25-85
169            </intent-filter>
170            <intent-filter>
170-->[androidx.profileinstaller:profileinstaller:1.3.1] AndroidManifest.xml:49:13-51:29
171                <action android:name="androidx.profileinstaller.action.BENCHMARK_OPERATION" />
171-->[androidx.profileinstaller:profileinstaller:1.3.1] AndroidManifest.xml:50:17-95
171-->[androidx.profileinstaller:profileinstaller:1.3.1] AndroidManifest.xml:50:25-92
172            </intent-filter>
173        </receiver>
174    </application>
175
176</manifest>